/data/data/com.termux/files/usr/lib/python3.12/site-packages/urllib3/connectionpool.py:1097: InsecureRequestWarning: Unverified HTTPS request is being made to host 'pipelineforchangefoundation.com'. Adding certificate verification is strongly advised. See: https://urllib3.readthedocs.io/en/latest/advanced-usage.html#tls-warnings
  warnings.warn(
/data/data/com.termux/files/usr/lib/python3.12/site-packages/urllib3/connectionpool.py:1097: InsecureRequestWarning: Unverified HTTPS request is being made to host 'api.stripe.com'. Adding certificate verification is strongly advised. See: https://urllib3.readthedocs.io/en/latest/advanced-usage.html#tls-warnings
  warnings.warn(
/data/data/com.termux/files/usr/lib/python3.12/site-packages/urllib3/connectionpool.py:1097: InsecureRequestWarning: Unverified HTTPS request is being made to host 'pipelineforchangefoundation.com'. Adding certificate verification is strongly advised. See: https://urllib3.readthedocs.io/en/latest/advanced-usage.html#tls-warnings
  warnings.warn(
/data/data/com.termux/files/usr/lib/python3.12/site-packages/urllib3/connectionpool.py:1097: InsecureRequestWarning: Unverified HTTPS request is being made to host 'pipelineforchangefoundation.com'. Adding certificate verification is strongly advised. See: https://urllib3.readthedocs.io/en/latest/advanced-usage.html#tls-warnings
  warnings.warn(
/data/data/com.termux/files/usr/lib/python3.12/site-packages/urllib3/connectionpool.py:1097: InsecureRequestWarning: Unverified HTTPS request is being made to host 'api.stripe.com'. Adding certificate verification is strongly advised. See: https://urllib3.readthedocs.io/en/latest/advanced-usage.html#tls-warnings
  warnings.warn(
/data/data/com.termux/files/usr/lib/python3.12/site-packages/urllib3/connectionpool.py:1097: InsecureRequestWarning: Unverified HTTPS request is being made to host 'pipelineforchangefoundation.com'. Adding certificate verification is strongly advised. See: https://urllib3.readthedocs.io/en/latest/advanced-usage.html#tls-warnings
  warnings.warn(
/data/data/com.termux/files/usr/lib/python3.12/site-packages/urllib3/connectionpool.py:1097: InsecureRequestWarning: Unverified HTTPS request is being made to host 'pipelineforchangefoundation.com'. Adding certificate verification is strongly advised. See: https://urllib3.readthedocs.io/en/latest/advanced-usage.html#tls-warnings
  warnings.warn(
/data/data/com.termux/files/usr/lib/python3.12/site-packages/urllib3/connectionpool.py:1097: InsecureRequestWarning: Unverified HTTPS request is being made to host 'api.stripe.com'. Adding certificate verification is strongly advised. See: https://urllib3.readthedocs.io/en/latest/advanced-usage.html#tls-warnings
  warnings.warn(
/data/data/com.termux/files/usr/lib/python3.12/site-packages/urllib3/connectionpool.py:1097: InsecureRequestWarning: Unverified HTTPS request is being made to host 'pipelineforchangefoundation.com'. Adding certificate verification is strongly advised. See: https://urllib3.readthedocs.io/en/latest/advanced-usage.html#tls-warnings
  warnings.warn(
/data/data/com.termux/files/usr/lib/python3.12/site-packages/urllib3/connectionpool.py:1097: InsecureRequestWarning: Unverified HTTPS request is being made to host 'pipelineforchangefoundation.com'. Adding certificate verification is strongly advised. See: https://urllib3.readthedocs.io/en/latest/advanced-usage.html#tls-warnings
  warnings.warn(
/data/data/com.termux/files/usr/lib/python3.12/site-packages/urllib3/connectionpool.py:1097: InsecureRequestWarning: Unverified HTTPS request is being made to host 'api.stripe.com'. Adding certificate verification is strongly advised. See: https://urllib3.readthedocs.io/en/latest/advanced-usage.html#tls-warnings
  warnings.warn(
/data/data/com.termux/files/usr/lib/python3.12/site-packages/urllib3/connectionpool.py:1097: InsecureRequestWarning: Unverified HTTPS request is being made to host 'pipelineforchangefoundation.com'. Adding certificate verification is strongly advised. See: https://urllib3.readthedocs.io/en/latest/advanced-usage.html#tls-warnings
  warnings.warn(
/data/data/com.termux/files/usr/lib/python3.12/site-packages/urllib3/connectionpool.py:1097: InsecureRequestWarning: Unverified HTTPS request is being made to host 'pipelineforchangefoundation.com'. Adding certificate verification is strongly advised. See: https://urllib3.readthedocs.io/en/latest/advanced-usage.html#tls-warnings
  warnings.warn(
/data/data/com.termux/files/usr/lib/python3.12/site-packages/urllib3/connectionpool.py:1097: InsecureRequestWarning: Unverified HTTPS request is being made to host 'api.stripe.com'. Adding certificate verification is strongly advised. See: https://urllib3.readthedocs.io/en/latest/advanced-usage.html#tls-warnings
  warnings.warn(
/data/data/com.termux/files/usr/lib/python3.12/site-packages/urllib3/connectionpool.py:1097: InsecureRequestWarning: Unverified HTTPS request is being made to host 'pipelineforchangefoundation.com'. Adding certificate verification is strongly advised. See: https://urllib3.readthedocs.io/en/latest/advanced-usage.html#tls-warnings
  warnings.warn(
/data/data/com.termux/files/usr/lib/python3.12/site-packages/urllib3/connectionpool.py:1097: InsecureRequestWarning: Unverified HTTPS request is being made to host 'pipelineforchangefoundation.com'. Adding certificate verification is strongly advised. See: https://urllib3.readthedocs.io/en/latest/advanced-usage.html#tls-warnings
  warnings.warn(
/data/data/com.termux/files/usr/lib/python3.12/site-packages/urllib3/connectionpool.py:1097: InsecureRequestWarning: Unverified HTTPS request is being made to host 'pipelineforchangefoundation.com'. Adding certificate verification is strongly advised. See: https://urllib3.readthedocs.io/en/latest/advanced-usage.html#tls-warnings
  warnings.warn(
/data/data/com.termux/files/usr/lib/python3.12/site-packages/urllib3/connectionpool.py:1097: InsecureRequestWarning: Unverified HTTPS request is being made to host 'api.stripe.com'. Adding certificate verification is strongly advised. See: https://urllib3.readthedocs.io/en/latest/advanced-usage.html#tls-warnings
  warnings.warn(
/data/data/com.termux/files/usr/lib/python3.12/site-packages/urllib3/connectionpool.py:1097: InsecureRequestWarning: Unverified HTTPS request is being made to host 'api.stripe.com'. Adding certificate verification is strongly advised. See: https://urllib3.readthedocs.io/en/latest/advanced-usage.html#tls-warnings
  warnings.warn(
/data/data/com.termux/files/usr/lib/python3.12/site-packages/urllib3/connectionpool.py:1097: InsecureRequestWarning: Unverified HTTPS request is being made to host 'pipelineforchangefoundation.com'. Adding certificate verification is strongly advised. See: https://urllib3.readthedocs.io/en/latest/advanced-usage.html#tls-warnings
  warnings.warn(
/data/data/com.termux/files/usr/lib/python3.12/site-packages/urllib3/connectionpool.py:1097: InsecureRequestWarning: Unverified HTTPS request is being made to host 'pipelineforchangefoundation.com'. Adding certificate verification is strongly advised. See: https://urllib3.readthedocs.io/en/latest/advanced-usage.html#tls-warnings
  warnings.warn(
/data/data/com.termux/files/usr/lib/python3.12/site-packages/urllib3/connectionpool.py:1097: InsecureRequestWarning: Unverified HTTPS request is being made to host 'pipelineforchangefoundation.com'. Adding certificate verification is strongly advised. See: https://urllib3.readthedocs.io/en/latest/advanced-usage.html#tls-warnings
  warnings.warn(
/data/data/com.termux/files/usr/lib/python3.12/site-packages/urllib3/connectionpool.py:1097: InsecureRequestWarning: Unverified HTTPS request is being made to host 'api.stripe.com'. Adding certificate verification is strongly advised. See: https://urllib3.readthedocs.io/en/latest/advanced-usage.html#tls-warnings
  warnings.warn(
/data/data/com.termux/files/usr/lib/python3.12/site-packages/urllib3/connectionpool.py:1097: InsecureRequestWarning: Unverified HTTPS request is being made to host 'pipelineforchangefoundation.com'. Adding certificate verification is strongly advised. See: https://urllib3.readthedocs.io/en/latest/advanced-usage.html#tls-warnings
  warnings.warn(
/data/data/com.termux/files/usr/lib/python3.12/site-packages/urllib3/connectionpool.py:1097: InsecureRequestWarning: Unverified HTTPS request is being made to host 'pipelineforchangefoundation.com'. Adding certificate verification is strongly advised. See: https://urllib3.readthedocs.io/en/latest/advanced-usage.html#tls-warnings
  warnings.warn(
/data/data/com.termux/files/usr/lib/python3.12/site-packages/urllib3/connectionpool.py:1097: InsecureRequestWarning: Unverified HTTPS request is being made to host 'api.stripe.com'. Adding certificate verification is strongly advised. See: https://urllib3.readthedocs.io/en/latest/advanced-usage.html#tls-warnings
  warnings.warn(
/data/data/com.termux/files/usr/lib/python3.12/site-packages/urllib3/connectionpool.py:1097: InsecureRequestWarning: Unverified HTTPS request is being made to host 'pipelineforchangefoundation.com'. Adding certificate verification is strongly advised. See: https://urllib3.readthedocs.io/en/latest/advanced-usage.html#tls-warnings
  warnings.warn(
/data/data/com.termux/files/usr/lib/python3.12/site-packages/urllib3/connectionpool.py:1097: InsecureRequestWarning: Unverified HTTPS request is being made to host 'pipelineforchangefoundation.com'. Adding certificate verification is strongly advised. See: https://urllib3.readthedocs.io/en/latest/advanced-usage.html#tls-warnings
  warnings.warn(
/data/data/com.termux/files/usr/lib/python3.12/site-packages/urllib3/connectionpool.py:1097: InsecureRequestWarning: Unverified HTTPS request is being made to host 'api.stripe.com'. Adding certificate verification is strongly advised. See: https://urllib3.readthedocs.io/en/latest/advanced-usage.html#tls-warnings
  warnings.warn(
/data/data/com.termux/files/usr/lib/python3.12/site-packages/urllib3/connectionpool.py:1097: InsecureRequestWarning: Unverified HTTPS request is being made to host 'pipelineforchangefoundation.com'. Adding certificate verification is strongly advised. See: https://urllib3.readthedocs.io/en/latest/advanced-usage.html#tls-warnings
  warnings.warn(
/data/data/com.termux/files/usr/lib/python3.12/site-packages/urllib3/connectionpool.py:1097: InsecureRequestWarning: Unverified HTTPS request is being made to host 'pipelineforchangefoundation.com'. Adding certificate verification is strongly advised. See: https://urllib3.readthedocs.io/en/latest/advanced-usage.html#tls-warnings
  warnings.warn(
/data/data/com.termux/files/usr/lib/python3.12/site-packages/urllib3/connectionpool.py:1097: InsecureRequestWarning: Unverified HTTPS request is being made to host 'api.stripe.com'. Adding certificate verification is strongly advised. See: https://urllib3.readthedocs.io/en/latest/advanced-usage.html#tls-warnings
  warnings.warn(
/data/data/com.termux/files/usr/lib/python3.12/site-packages/urllib3/connectionpool.py:1097: InsecureRequestWarning: Unverified HTTPS request is being made to host 'pipelineforchangefoundation.com'. Adding certificate verification is strongly advised. See: https://urllib3.readthedocs.io/en/latest/advanced-usage.html#tls-warnings
  warnings.warn(
/data/data/com.termux/files/usr/lib/python3.12/site-packages/urllib3/connectionpool.py:1097: InsecureRequestWarning: Unverified HTTPS request is being made to host 'pipelineforchangefoundation.com'. Adding certificate verification is strongly advised. See: https://urllib3.readthedocs.io/en/latest/advanced-usage.html#tls-warnings
  warnings.warn(
/data/data/com.termux/files/usr/lib/python3.12/site-packages/urllib3/connectionpool.py:1097: InsecureRequestWarning: Unverified HTTPS request is being made to host 'api.stripe.com'. Adding certificate verification is strongly advised. See: https://urllib3.readthedocs.io/en/latest/advanced-usage.html#tls-warnings
  warnings.warn(
/data/data/com.termux/files/usr/lib/python3.12/site-packages/urllib3/connectionpool.py:1097: InsecureRequestWarning: Unverified HTTPS request is being made to host 'pipelineforchangefoundation.com'. Adding certificate verification is strongly advised. See: https://urllib3.readthedocs.io/en/latest/advanced-usage.html#tls-warnings
  warnings.warn(
/data/data/com.termux/files/usr/lib/python3.12/site-packages/urllib3/connectionpool.py:1097: InsecureRequestWarning: Unverified HTTPS request is being made to host 'pipelineforchangefoundation.com'. Adding certificate verification is strongly advised. See: https://urllib3.readthedocs.io/en/latest/advanced-usage.html#tls-warnings
  warnings.warn(
/data/data/com.termux/files/usr/lib/python3.12/site-packages/urllib3/connectionpool.py:1097: InsecureRequestWarning: Unverified HTTPS request is being made to host 'api.stripe.com'. Adding certificate verification is strongly advised. See: https://urllib3.readthedocs.io/en/latest/advanced-usage.html#tls-warnings
  warnings.warn(
/data/data/com.termux/files/usr/lib/python3.12/site-packages/urllib3/connectionpool.py:1097: InsecureRequestWarning: Unverified HTTPS request is being made to host 'pipelineforchangefoundation.com'. Adding certificate verification is strongly advised. See: https://urllib3.readthedocs.io/en/latest/advanced-usage.html#tls-warnings
  warnings.warn(
Done Bot Active ✅
NOW START BOT ONCE MY MASTER
MONGODB CONNECTED SUCCESSFULLY ✅
CONFIG DB CONNECTED SUCCESSFULLY ✅
[DEBUG] Incoming result (truncated): '{"errors":[{"data":[{"code":"ISSUER_DATA_NOT_FOUND"}],"message":"OAS_VALIDATION_ERROR","path":["approveGuestPaymentWithCreditCard"],"extensions":{"class":"ERROR"},"checkpoints":["onboard_user"],"meta":{},"contingency":true,"statusCode":200}],"data":{"approveGuestPaymentWithCreditCard":null},"extensions":{"developerNotes":["Please include an \'x-app-name\' header with your request that identifies your client.  (Ex: \'x-app-name\': \'hermione\')"],"tracing":{"version":1,"startTime":"2025-09-04T10
[DEBUG] Incoming result (truncated): 'list index out of range'
[DEBUG] Incoming result (truncated): "'id'"
[DEBUG] Incoming result (truncated): '{"errors":[{"data":[{"code":"ISSUER_DATA_NOT_FOUND"}],"message":"OAS_VALIDATION_ERROR","path":["approveGuestPaymentWithCreditCard"],"extensions":{"class":"ERROR"},"checkpoints":["onboard_user"],"meta":{},"contingency":true,"statusCode":200}],"data":{"approveGuestPaymentWithCreditCard":null},"extensions":{"developerNotes":["Please include an \'x-app-name\' header with your request that identifies your client.  (Ex: \'x-app-name\': \'hermione\')"],"tracing":{"version":1,"startTime":"2025-09-04T10
[DEBUG] Incoming result (truncated): '{"errors":[{"data":[{"code":"ISSUER_DATA_NOT_FOUND"}],"message":"OAS_VALIDATION_ERROR","path":["approveGuestPaymentWithCreditCard"],"extensions":{"class":"ERROR"},"checkpoints":["onboard_user"],"meta":{},"contingency":true,"statusCode":200}],"data":{"approveGuestPaymentWithCreditCard":null},"extensions":{"developerNotes":["Please include an \'x-app-name\' header with your request that identifies your client.  (Ex: \'x-app-name\': \'hermione\')"],"tracing":{"version":1,"startTime":"2025-09-04T11
[DEBUG] Incoming result (truncated): '{"errors":[{"data":[{"code":"ISSUER_DATA_NOT_FOUND"}],"message":"OAS_VALIDATION_ERROR","path":["approveGuestPaymentWithCreditCard"],"extensions":{"class":"ERROR"},"checkpoints":["onboard_user"],"meta":{},"contingency":true,"statusCode":200}],"data":{"approveGuestPaymentWithCreditCard":null},"extensions":{"developerNotes":["Please include an \'x-app-name\' header with your request that identifies your client.  (Ex: \'x-app-name\': \'hermione\')"],"tracing":{"version":1,"startTime":"2025-09-04T11
[DEBUG] Incoming result (truncated): '{"errors":[{"data":[{"code":"ISSUER_DATA_NOT_FOUND"}],"message":"OAS_VALIDATION_ERROR","path":["approveGuestPaymentWithCreditCard"],"extensions":{"class":"ERROR"},"checkpoints":["onboard_user"],"meta":{},"contingency":true,"statusCode":200}],"data":{"approveGuestPaymentWithCreditCard":null},"extensions":{"developerNotes":["Please include an \'x-app-name\' header with your request that identifies your client.  (Ex: \'x-app-name\': \'hermione\')"],"tracing":{"version":1,"startTime":"2025-09-04T11
pm_1S3awfCy7gKATUV9MgObUyBJ
{"success":false,"errors":["An error occurred while processing your donation.","Your card was declined."],"donation_id":715320}
[DEBUG] Incoming result (truncated): '{"errors":[{"data":[{"code":"ISSUER_DATA_NOT_FOUND"}],"message":"OAS_VALIDATION_ERROR","path":["approveGuestPaymentWithCreditCard"],"extensions":{"class":"ERROR"},"checkpoints":["onboard_user"],"meta":{},"contingency":true,"statusCode":200}],"data":{"approveGuestPaymentWithCreditCard":null},"extensions":{"developerNotes":["Please include an \'x-app-name\' header with your request that identifies your client.  (Ex: \'x-app-name\': \'hermione\')"],"tracing":{"version":1,"startTime":"2025-09-04T11
pm_1S3axuCy7gKATUV9FX2FvNS3
{"success":false,"errors":["An error occurred while processing your donation.","Your card number is incorrect."],"donation_id":715321}
pm_1S3ay3Cy7gKATUV9JhUKlOKl
{"success":false,"errors":["An error occurred while processing your donation.","Your card number is incorrect."],"donation_id":715322}
pm_1S3ayCCy7gKATUV9YO28J8ad
{"success":false,"errors":["An error occurred while processing your donation.","Your card number is incorrect."],"donation_id":715323}
pm_1S3ayOCy7gKATUV9UFoiIv2L
{"success":false,"errors":["An error occurred while processing your donation.","Your card number is incorrect."],"donation_id":715324}
pm_1S3ayZCy7gKATUV9Hmunl7ah
pm_1S3ayZCy7gKATUV9MWSBIb64
{"success":false,"errors":["An error occurred while processing your donation.","Your card number is incorrect."],"donation_id":715326}
{"success":false,"errors":["An error occurred while processing your donation.","Your card was declined."],"donation_id":715325}
pm_1S3ayhCy7gKATUV9oiuuh1ez
{"success":false,"errors":["An error occurred while processing your donation.","Your card number is incorrect."],"donation_id":715327}
[DEBUG] Incoming result (truncated): '{"errors":[{"data":[{"code":"ISSUER_DATA_NOT_FOUND"}],"message":"OAS_VALIDATION_ERROR","path":["approveGuestPaymentWithCreditCard"],"extensions":{"class":"ERROR"},"checkpoints":["onboard_user"],"meta":{},"contingency":true,"statusCode":200}],"data":{"approveGuestPaymentWithCreditCard":null},"extensions":{"developerNotes":["Please include an \'x-app-name\' header with your request that identifies your client.  (Ex: \'x-app-name\': \'hermione\')"],"tracing":{"version":1,"startTime":"2025-09-04T11
pm_1S3ayuCy7gKATUV9wHyypZoJ
{"success":false,"errors":["An error occurred while processing your donation.","Your card number is incorrect."],"donation_id":715328}
pm_1S3az3Cy7gKATUV9wj15JWQQ
{"success":false,"errors":["An error occurred while processing your donation.","Your card number is incorrect."],"donation_id":715329}
pm_1S3azDCy7gKATUV9Pp0V5iGN
{"success":false,"errors":["An error occurred while processing your donation.","Your card number is incorrect."],"donation_id":715330}
pm_1S3azMCy7gKATUV9kO0rLdGz
{"success":false,"errors":["An error occurred while processing your donation.","Your card number is incorrect."],"donation_id":715331}
[DEBUG] Incoming result (truncated): '{"errors":[{"data":[{"code":"ISSUER_DATA_NOT_FOUND"}],"message":"OAS_VALIDATION_ERROR","path":["approveGuestPaymentWithCreditCard"],"extensions":{"class":"ERROR"},"checkpoints":["onboard_user"],"meta":{},"contingency":true,"statusCode":200}],"data":{"approveGuestPaymentWithCreditCard":null},"extensions":{"developerNotes":["Please include an \'x-app-name\' header with your request that identifies your client.  (Ex: \'x-app-name\': \'hermione\')"],"tracing":{"version":1,"startTime":"2025-09-04T11
[DEBUG] Incoming result (truncated): '{"errors":[{"data":[{"field":"line1","code":"INVALID_BILLING_ADDRESS"}],"message":"VALIDATION_ERROR","path":["approveGuestPaymentWithCreditCard"],"extensions":{"class":"ERROR"},"checkpoints":["addCard"],"meta":{},"contingency":true,"statusCode":200}],"data":{"approveGuestPaymentWithCreditCard":null},"extensions":{"developerNotes":["Please include an \'x-app-name\' header with your request that identifies your client.  (Ex: \'x-app-name\': \'hermione\')"],"tracing":{"version":1,"startTime":"2025
DEBUG: status = '𝗔𝗽𝗽𝗿𝗼𝘃𝗲𝗱 ✅', response = 'Approved - Invalid Address 🏠'
pm_1S3b0bCy7gKATUV9yfagrC3w
{"success":false,"errors":["An error occurred while processing your donation.","Your card number is incorrect."],"donation_id":715332}
[DEBUG] Incoming result (truncated): '{"errors":[{"data":[{"field":"line1","code":"INVALID_BILLING_ADDRESS"}],"message":"VALIDATION_ERROR","path":["approveGuestPaymentWithCreditCard"],"extensions":{"class":"ERROR"},"checkpoints":["addCard"],"meta":{},"contingency":true,"statusCode":200}],"data":{"approveGuestPaymentWithCreditCard":null},"extensions":{"developerNotes":["Please include an \'x-app-name\' header with your request that identifies your client.  (Ex: \'x-app-name\': \'hermione\')"],"tracing":{"version":1,"startTime":"2025
[DEBUG] Incoming result (truncated): '{"errors":[{"data":[{"field":"cardNumber","code":"CARD_GENERIC_ERROR"}],"message":"R_ERROR","path":["approveGuestPaymentWithCreditCard"],"extensions":{"class":"ERROR"},"checkpoints":["addCard"],"meta":{},"contingency":true,"statusCode":200}],"data":{"approveGuestPaymentWithCreditCard":null},"extensions":{"developerNotes":["Please include an \'x-app-name\' header with your request that identifies your client.  (Ex: \'x-app-name\': \'hermione\')"],"tracing":{"version":1,"startTime":"2025-09-04T11/data/data/com.termux/files/usr/lib/python3.12/site-packages/urllib3/connectionpool.py:1097: InsecureRequestWarning: Unverified HTTPS request is being made to host 'pipelineforchangefoundation.com'. Adding certificate verification is strongly advised. See: https://urllib3.readthedocs.io/en/latest/advanced-usage.html#tls-warnings
  warnings.warn(
/data/data/com.termux/files/usr/lib/python3.12/site-packages/urllib3/connectionpool.py:1097: InsecureRequestWarning: Unverified HTTPS request is being made to host 'api.stripe.com'. Adding certificate verification is strongly advised. See: https://urllib3.readthedocs.io/en/latest/advanced-usage.html#tls-warnings
  warnings.warn(
/data/data/com.termux/files/usr/lib/python3.12/site-packages/urllib3/connectionpool.py:1097: InsecureRequestWarning: Unverified HTTPS request is being made to host 'pipelineforchangefoundation.com'. Adding certificate verification is strongly advised. See: https://urllib3.readthedocs.io/en/latest/advanced-usage.html#tls-warnings
  warnings.warn(
/data/data/com.termux/files/usr/lib/python3.12/site-packages/urllib3/connectionpool.py:1097: InsecureRequestWarning: Unverified HTTPS request is being made to host 'pipelineforchangefoundation.com'. Adding certificate verification is strongly advised. See: https://urllib3.readthedocs.io/en/latest/advanced-usage.html#tls-warnings
  warnings.warn(
/data/data/com.termux/files/usr/lib/python3.12/site-packages/urllib3/connectionpool.py:1097: InsecureRequestWarning: Unverified HTTPS request is being made to host 'api.stripe.com'. Adding certificate verification is strongly advised. See: https://urllib3.readthedocs.io/en/latest/advanced-usage.html#tls-warnings
  warnings.warn(
/data/data/com.termux/files/usr/lib/python3.12/site-packages/urllib3/connectionpool.py:1097: InsecureRequestWarning: Unverified HTTPS request is being made to host 'pipelineforchangefoundation.com'. Adding certificate verification is strongly advised. See: https://urllib3.readthedocs.io/en/latest/advanced-usage.html#tls-warnings
  warnings.warn(
/data/data/com.termux/files/usr/lib/python3.12/site-packages/urllib3/connectionpool.py:1097: InsecureRequestWarning: Unverified HTTPS request is being made to host 'pipelineforchangefoundation.com'. Adding certificate verification is strongly advised. See: https://urllib3.readthedocs.io/en/latest/advanced-usage.html#tls-warnings
  warnings.warn(
/data/data/com.termux/files/usr/lib/python3.12/site-packages/urllib3/connectionpool.py:1097: InsecureRequestWarning: Unverified HTTPS request is being made to host 'api.stripe.com'. Adding certificate verification is strongly advised. See: https://urllib3.readthedocs.io/en/latest/advanced-usage.html#tls-warnings
  warnings.warn(
/data/data/com.termux/files/usr/lib/python3.12/site-packages/urllib3/connectionpool.py:1097: InsecureRequestWarning: Unverified HTTPS request is being made to host 'pipelineforchangefoundation.com'. Adding certificate verification is strongly advised. See: https://urllib3.readthedocs.io/en/latest/advanced-usage.html#tls-warnings
  warnings.warn(
/data/data/com.termux/files/usr/lib/python3.12/site-packages/urllib3/connectionpool.py:1097: InsecureRequestWarning: Unverified HTTPS request is being made to host 'pipelineforchangefoundation.com'. Adding certificate verification is strongly advised. See: https://urllib3.readthedocs.io/en/latest/advanced-usage.html#tls-warnings
  warnings.warn(
/data/data/com.termux/files/usr/lib/python3.12/site-packages/urllib3/connectionpool.py:1097: InsecureRequestWarning: Unverified HTTPS request is being made to host 'api.stripe.com'. Adding certificate verification is strongly advised. See: https://urllib3.readthedocs.io/en/latest/advanced-usage.html#tls-warnings
  warnings.warn(
/data/data/com.termux/files/usr/lib/python3.12/site-packages/urllib3/connectionpool.py:1097: InsecureRequestWarning: Unverified HTTPS request is being made to host 'pipelineforchangefoundation.com'. Adding certificate verification is strongly advised. See: https://urllib3.readthedocs.io/en/latest/advanced-usage.html#tls-warnings
  warnings.warn(
Unable to connect due to network issues: [Errno 103] Connect call failed ('149.154.167.91', 443)
Unable to connect due to network issues: [Errno 103] Connect call failed ('149.154.167.91', 443)
Unable to connect due to network issues: [Errno 101] Network is unreachable
Unable to connect due to network issues: [Errno 101] Network is unreachable
Connection failed! Trying again...
Unable to connect due to network issues: [Errno 101] Network is unreachable
Unable to connect due to network issues: [Errno 101] Network is unreachable
Unable to connect due to network issues: [Errno 101] Network is unreachable
Connection failed! Trying again...
Unable to connect due to network issues: [Errno 101] Network is unreachable
Unable to connect due to network issues: [Errno 101] Network is unreachable
Unable to connect due to network issues: [Errno 101] Network is unreachable
Connection failed! Trying again...
Unable to connect due to network issues: [Errno 101] Network is unreachable
Unable to connect due to network issues: [Errno 101] Network is unreachable
Unable to connect due to network issues: [Errno 101] Network is unreachable
Connection failed! Trying again...
Unable to connect due to network issues: [Errno 101] Network is unreachable
Unable to connect due to network issues: [Errno 101] Network is unreachable
Unable to connect due to network issues: [Errno 101] Network is unreachable
Connection failed! Trying again...
Unable to connect due to network issues: [Errno 101] Network is unreachable
Unable to connect due to network issues: [Errno 101] Network is unreachable
Unable to connect due to network issues: [Errno 101] Network is unreachable
Connection failed! Trying again...
Unable to connect due to network issues: [Errno 101] Network is unreachable
Unable to connect due to network issues: [Errno 101] Network is unreachable
Unable to connect due to network issues: [Errno 101] Network is unreachable
Connection failed! Trying again...
Unable to connect due to network issues: [Errno 101] Network is unreachable
Unable to connect due to network issues: [Errno 101] Network is unreachable
Unable to connect due to network issues: [Errno 101] Network is unreachable
Connection failed! Trying again...
Unable to connect due to network issues: [Errno 101] Network is unreachable
Unable to connect due to network issues: [Errno 101] Network is unreachable
Unable to connect due to network issues: [Errno 101] Network is unreachable
Connection failed! Trying again...
Unable to connect due to network issues: [Errno 101] Network is unreachable
Unable to connect due to network issues: [Errno 101] Network is unreachable
Unable to connect due to network issues: [Errno 101] Network is unreachable
Connection failed! Trying again...
Unable to connect due to network issues: [Errno 101] Network is unreachable
Unable to connect due to network issues: [Errno 101] Network is unreachable
Unable to connect due to network issues: [Errno 101] Network is unreachable
Connection failed! Trying again...
Unable to connect due to network issues: [Errno 101] Network is unreachable
Unable to connect due to network issues: [Errno 101] Network is unreachable
Unable to connect due to network issues: [Errno 101] Network is unreachable
Connection failed! Trying again...
Unable to connect due to network issues: [Errno 101] Network is unreachable
Unable to connect due to network issues: [Errno 101] Network is unreachable
Unable to connect due to network issues: [Errno 101] Network is unreachable
Connection failed! Trying again...
Unable to connect due to network issues: [Errno 101] Network is unreachable
Unable to connect due to network issues: [Errno 101] Network is unreachable
Unable to connect due to network issues: [Errno 101] Network is unreachable
Connection failed! Trying again...
Unable to connect due to network issues: [Errno 101] Network is unreachable
Unable to connect due to network issues: [Errno 101] Network is unreachable
Unable to connect due to network issues: [Errno 101] Network is unreachable
Connection failed! Trying again...
Unable to connect due to network issues: [Errno 101] Network is unreachable
Unable to connect due to network issues: [Errno 101] Network is unreachable
Unable to connect due to network issues: [Errno 101] Network is unreachable
Connection failed! Trying again...
Unable to connect due to network issues: [Errno 101] Network is unreachable
Unable to connect due to network issues: [Errno 101] Network is unreachable
Unable to connect due to network issues: [Errno 101] Network is unreachable
Connection failed! Trying again...
Unable to connect due to network issues: [Errno 101] Network is unreachable
Unable to connect due to network issues: [Errno 101] Network is unreachable
Unable to connect due to network issues: [Errno 101] Network is unreachable
Connection failed! Trying again...
Unable to connect due to network issues: [Errno 101] Network is unreachable
Unable to connect due to network issues: [Errno 101] Network is unreachable
Unable to connect due to network issues: [Errno 101] Network is unreachable
Connection failed! Trying again...
Unable to connect due to network issues: [Errno 101] Network is unreachable
Unable to connect due to network issues: [Errno 101] Network is unreachable
Unable to connect due to network issues: [Errno 101] Network is unreachable
Connection failed! Trying again...
Unable to connect due to network issues: [Errno 101] Network is unreachable
Unable to connect due to network issues: [Errno 101] Network is unreachable
Unable to connect due to network issues: [Errno 101] Network is unreachable
Connection failed! Trying again...
Unable to connect due to network issues: [Errno 101] Network is unreachable
Unable to connect due to network issues: [Errno 101] Network is unreachable
Unable to connect due to network issues: [Errno 101] Network is unreachable
Connection failed! Trying again...
Unable to connect due to network issues: [Errno 101] Network is unreachable
Unable to connect due to network issues: [Errno 101] Network is unreachable
Unable to connect due to network issues: [Errno 101] Network is unreachable
Connection failed! Trying again...
Unable to connect due to network issues: [Errno 101] Network is unreachable
Unable to connect due to network issues: [Errno 101] Network is unreachable
Unable to connect due to network issues: [Errno 101] Network is unreachable
Connection failed! Trying again...
Unable to connect due to network issues: [Errno 101] Network is unreachable
Unable to connect due to network issues: [Errno 101] Network is unreachable
Unable to connect due to network issues: [Errno 101] Network is unreachable
Connection failed! Trying again...
Unable to connect due to network issues: [Errno 101] Network is unreachable
Unable to connect due to network issues: [Errno 101] Network is unreachable
Unable to connect due to network issues: [Errno 101] Network is unreachable
Connection failed! Trying again...
Unable to connect due to network issues: [Errno 101] Network is unreachable
Unable to connect due to network issues: [Errno 101] Network is unreachable
Unable to connect due to network issues: [Errno 101] Network is unreachable
Connection failed! Trying again...
Unable to connect due to network issues: [Errno 101] Network is unreachable
Unable to connect due to network issues: [Errno 101] Network is unreachable
Unable to connect due to network issues: [Errno 101] Network is unreachable
Connection failed! Trying again...
Unable to connect due to network issues: [Errno 101] Network is unreachable
Unable to connect due to network issues: [Errno 101] Network is unreachable
Unable to connect due to network issues: [Errno 101] Network is unreachable
Connection failed! Trying again...
Unable to connect due to network issues: [Errno 101] Network is unreachable
Unable to connect due to network issues: [Errno 101] Network is unreachable
Unable to connect due to network issues: [Errno 101] Network is unreachable
Connection failed! Trying again...
Unable to connect due to network issues: [Errno 101] Network is unreachable
Unable to connect due to network issues: [Errno 101] Network is unreachable
Unable to connect due to network issues: [Errno 101] Network is unreachable
Connection failed! Trying again...
Unable to connect due to network issues: [Errno 101] Network is unreachable
Unable to connect due to network issues: [Errno 101] Network is unreachable
Unable to connect due to network issues: [Errno 101] Network is unreachable
Connection failed! Trying again...
Unable to connect due to network issues: [Errno 101] Network is unreachable
Unable to connect due to network issues: [Errno 101] Network is unreachable
Unable to connect due to network issues: [Errno 101] Network is unreachable
Connection failed! Trying again...
Unable to connect due to network issues: [Errno 101] Network is unreachable
Unable to connect due to network issues: [Errno 101] Network is unreachable
Unable to connect due to network issues: [Errno 101] Network is unreachable
Connection failed! Trying again...
Unable to connect due to network issues: [Errno 101] Network is unreachable
Unable to connect due to network issues: [Errno 101] Network is unreachable
Unable to connect due to network issues: [Errno 101] Network is unreachable
Connection failed! Trying again...
Unable to connect due to network issues: [Errno 101] Network is unreachable
Unable to connect due to network issues: [Errno 101] Network is unreachable
Unable to connect due to network issues: [Errno 101] Network is unreachable
Connection failed! Trying again...
Unable to connect due to network issues: [Errno 101] Network is unreachable
Unable to connect due to network issues: [Errno 101] Network is unreachable
Unable to connect due to network issues: [Errno 101] Network is unreachable
Connection failed! Trying again...
Unable to connect due to network issues: [Errno 101] Network is unreachable
Unable to connect due to network issues: [Errno 101] Network is unreachable
Unable to connect due to network issues: [Errno 101] Network is unreachable
Connection failed! Trying again...
Unable to connect due to network issues: [Errno 101] Network is unreachable
Unable to connect due to network issues: [Errno 101] Network is unreachable
Unable to connect due to network issues: [Errno 101] Network is unreachable
Connection failed! Trying again...
Unable to connect due to network issues: [Errno 101] Network is unreachable
Unable to connect due to network issues: [Errno 101] Network is unreachable
Unable to connect due to network issues: [Errno 101] Network is unreachable
Connection failed! Trying again...
Unable to connect due to network issues: [Errno 101] Network is unreachable
Unable to connect due to network issues: [Errno 101] Network is unreachable
Unable to connect due to network issues: [Errno 101] Network is unreachable
Connection failed! Trying again...
Unable to connect due to network issues: [Errno 101] Network is unreachable
Unable to connect due to network issues: [Errno 101] Network is unreachable
Unable to connect due to network issues: [Errno 101] Network is unreachable
Connection failed! Trying again...
Unable to connect due to network issues: [Errno 101] Network is unreachable
Unable to connect due to network issues: [Errno 101] Network is unreachable
Unable to connect due to network issues: [Errno 101] Network is unreachable
Connection failed! Trying again...
Unable to connect due to network issues: [Errno 101] Network is unreachable
Unable to connect due to network issues: [Errno 101] Network is unreachable
Unable to connect due to network issues: [Errno 101] Network is unreachable
Connection failed! Trying again...
Unable to connect due to network issues: [Errno 101] Network is unreachable
Unable to connect due to network issues: [Errno 101] Network is unreachable
Unable to connect due to network issues: [Errno 101] Network is unreachable
Connection failed! Trying again...
Unable to connect due to network issues: [Errno 101] Network is unreachable
Unable to connect due to network issues: [Errno 101] Network is unreachable
Unable to connect due to network issues: [Errno 101] Network is unreachable
Connection failed! Trying again...
Unable to connect due to network issues: [Errno 101] Network is unreachable
Unable to connect due to network issues: [Errno 101] Network is unreachable
Unable to connect due to network issues: [Errno 101] Network is unreachable
Connection failed! Trying again...
Unable to connect due to network issues: [Errno 101] Network is unreachable
Unable to connect due to network issues: [Errno 101] Network is unreachable
Unable to connect due to network issues: [Errno 101] Network is unreachable
Connection failed! Trying again...
Unable to connect due to network issues: [Errno 101] Network is unreachable
Unable to connect due to network issues: [Errno 101] Network is unreachable
Unable to connect due to network issues: [Errno 101] Network is unreachable
Connection failed! Trying again...
Unable to connect due to network issues: [Errno 101] Network is unreachable
Unable to connect due to network issues: [Errno 101] Network is unreachable
Unable to connect due to network issues: [Errno 101] Network is unreachable
Connection failed! Trying again...
Unable to connect due to network issues: [Errno 101] Network is unreachable
Unable to connect due to network issues: [Errno 101] Network is unreachable
Unable to connect due to network issues: [Errno 101] Network is unreachable
Connection failed! Trying again...
Unable to connect due to network issues: [Errno 101] Network is unreachable
Unable to connect due to network issues: [Errno 101] Network is unreachable
Unable to connect due to network issues: [Errno 101] Network is unreachable
Connection failed! Trying again...
Unable to connect due to network issues: [Errno 101] Network is unreachable
Unable to connect due to network issues: [Errno 101] Network is unreachable
Unable to connect due to network issues: [Errno 101] Network is unreachable
Connection failed! Trying again...
Unable to connect due to network issues: [Errno 101] Network is unreachable
Unable to connect due to network issues: [Errno 101] Network is unreachable
Unable to connect due to network issues: [Errno 101] Network is unreachable
Connection failed! Trying again...
Unable to connect due to network issues: [Errno 101] Network is unreachable
Unable to connect due to network issues: Connection timed out
Unable to connect due to network issues: Connection timed out
Unable to connect due to network issues: Connection timed out
Connection failed! Trying again...
Unable to connect due to network issues: Connection timed out
Done Bot Active ✅
NOW START BOT ONCE MY MASTER
Traceback (most recent call last):
  File "/data/data/com.termux/files/home/cc/main.py", line 34, in <module>
    bot.run()
  File "/data/data/com.termux/files/usr/lib/python3.12/site-packages/pyrogram/methods/utilities/run.py", line 84, in run
    self.start()
  File "/data/data/com.termux/files/usr/lib/python3.12/site-packages/pyrogram/sync.py", line 66, in async_to_sync_wrap
    return loop.run_until_complete(coroutine)
           ^^^^^^^^^^^^^^^^^^^^^^^^^^^^^^^^^^
  File "/data/data/com.termux/files/usr/lib/python3.12/asyncio/base_events.py", line 691, in run_until_complete
    return future.result()
           ^^^^^^^^^^^^^^^
  File "/data/data/com.termux/files/usr/lib/python3.12/site-packages/pyrogram/methods/utilities/start.py", line 74, in start
    await self.initialize()
  File "/data/data/com.termux/files/usr/lib/python3.12/site-packages/pyrogram/methods/auth/initialize.py", line 46, in initialize
    self.load_plugins()
  File "/data/data/com.termux/files/usr/lib/python3.12/site-packages/pyrogram/client.py", line 689, in load_plugins
    module = import_module(module_path)
             ^^^^^^^^^^^^^^^^^^^^^^^^^^
  File "/data/data/com.termux/files/usr/lib/python3.12/importlib/__init__.py", line 90, in import_module
    return _bootstrap._gcd_import(name[level:], package, level)
           ^^^^^^^^^^^^^^^^^^^^^^^^^^^^^^^^^^^^^^^^^^^^^^^^^^^^
  File "<frozen importlib._bootstrap>", line 1387, in _gcd_import
  File "<frozen importlib._bootstrap>", line 1360, in _find_and_load
  File "<frozen importlib._bootstrap>", line 1331, in _find_and_load_unlocked
  File "<frozen importlib._bootstrap>", line 935, in _load_unlocked
  File "<frozen importlib._bootstrap_external>", line 999, in exec_module
  File "<frozen importlib._bootstrap>", line 488, in _call_with_frames_removed
  File "/data/data/com.termux/files/home/cc/BOT/AUTH/Adyen Auth/gate.py", line 12, in <module>
    from FUNC.defs import *
  File "/data/data/com.termux/files/home/cc/FUNC/defs.py", line 2, in <module>
    from FUNC.usersdb_func import *
  File "/data/data/com.termux/files/home/cc/FUNC/usersdb_func.py", line 4, in <module>
    from mongodb import *
  File "/data/data/com.termux/files/home/cc/mongodb.py", line 4, in <module>
    client = pymongo.MongoClient(
             ^^^^^^^^^^^^^^^^^^^^
  File "/data/data/com.termux/files/usr/lib/python3.12/site-packages/pymongo/synchronous/mongo_client.py", line 885, in __init__
    self._get_topology()  # type: ignore[unused-coroutine]
    ^^^^^^^^^^^^^^^^^^^^
  File "/data/data/com.termux/files/usr/lib/python3.12/site-packages/pymongo/synchronous/mongo_client.py", line 1752, in _get_topology
    self._resolve_srv()
  File "/data/data/com.termux/files/usr/lib/python3.12/site-packages/pymongo/synchronous/mongo_client.py", line 904, in _resolve_srv
    res = uri_parser._parse_srv(
          ^^^^^^^^^^^^^^^^^^^^^^
  File "/data/data/com.termux/files/usr/lib/python3.12/site-packages/pymongo/synchronous/uri_parser.py", line 168, in _parse_srv
    nodes = dns_resolver.get_hosts()
            ^^^^^^^^^^^^^^^^^^^^^^^^
  File "/data/data/com.termux/files/usr/lib/python3.12/site-packages/pymongo/synchronous/srv_resolver.py", line 157, in get_hosts
    _, nodes = self._get_srv_response_and_hosts(True)
               ^^^^^^^^^^^^^^^^^^^^^^^^^^^^^^^^^^^^^^
  File "/data/data/com.termux/files/usr/lib/python3.12/site-packages/pymongo/synchronous/srv_resolver.py", line 131, in _get_srv_response_and_hosts
    results = self._resolve_uri(encapsulate_errors)
              ^^^^^^^^^^^^^^^^^^^^^^^^^^^^^^^^^^^^^
  File "/data/data/com.termux/files/usr/lib/python3.12/site-packages/pymongo/synchronous/srv_resolver.py", line 125, in _resolve_uri
    raise ConfigurationError(str(exc)) from None
pymongo.errors.ConfigurationError: cannot open /etc/resolv.conf
